[2022-03-07 01:52:29] local.ERROR: No application encryption key has been specified. {"exception":"[object] (Illuminate\\Encryption\\MissingAppKeyException(code: 0): No application encryption key has been specified. at C:\\teamcoder\\www\\trainning\\bai_5\\quan-ly-thong-tin-nguoi-dung\\vendor\\laravel\\framework\\src\\Illuminate\\Encryption\\EncryptionServiceProvider.php:101)
[stacktrace]
#0 C:\\teamcoder\\www\\trainning\\bai_5\\quan-ly-thong-tin-nguoi-dung\\vendor\\laravel\\framework\\src\\Illuminate\\Support\\helpers.php(263): Illuminate\\Encryption\\EncryptionServiceProvider->Illuminate\\Encryption\\{closure}('')
#1 C:\\teamcoder\\www\\trainning\\bai_5\\quan-ly-thong-tin-nguoi-dung\\vendor\\laravel\\framework\\src\\Illuminate\\Encryption\\EncryptionServiceProvider.php(103): tap('', Object(Closure))
#2 C:\\teamcoder\\www\\trainning\\bai_5\\quan-ly-thong-tin-nguoi-dung\\vendor\\laravel\\framework\\src\\Illuminate\\Encryption\\EncryptionServiceProvider.php(82): Illuminate\\Encryption\\EncryptionServiceProvider->key(Array)
#3 C:\\teamcoder\\www\\trainning\\bai_5\\quan-ly-thong-tin-nguoi-dung\\vendor\\laravel\\framework\\src\\Illuminate\\Encryption\\EncryptionServiceProvider.php(34): Illuminate\\Encryption\\EncryptionServiceProvider->parseKey(Array)
#4 C:\\teamcoder\\www\\trainning\\bai_5\\quan-ly-thong-tin-nguoi-dung\\vendor\\laravel\\framework\\src\\Illuminate\\Container\\Container.php(873): Illuminate\\Encryption\\EncryptionServiceProvider->Illuminate\\Encryption\\{closure}(Object(Illuminate\\Foundation\\Application), Array)
#5 C:\\teamcoder\\www\\trainning\\bai_5\\quan-ly-thong-tin-nguoi-dung\\vendor\\laravel\\framework\\src\\Illuminate\\Container\\Container.php(758): Illuminate\\Container\\Container->build(Object(Closure))
#6 C:\\teamcoder\\www\\trainning\\bai_5\\quan-ly-thong-tin-nguoi-dung\\vendor\\laravel\\framework\\src\\Illuminate\\Foundation\\Application.php(851): Illuminate\\Container\\Container->resolve('encrypter', Array, true)
#7 C:\\teamcoder\\www\\trainning\\bai_5\\quan-ly-thong-tin-nguoi-dung\\vendor\\laravel\\framework\\src\\Illuminate\\Container\\Container.php(694): Illuminate\\Foundation\\Application->resolve('encrypter', Array)
#8 C:\\teamcoder\\www\\trainning\\bai_5\\quan-ly-thong-tin-nguoi-dung\\vendor\\laravel\\framework\\src\\Illuminate\\Foundation\\Application.php(836): Illuminate\\Container\\Container->make('encrypter', Array)
#9 C:\\teamcoder\\www\\trainning\\bai_5\\quan-ly-thong-tin-nguoi-dung\\vendor\\laravel\\framework\\src\\Illuminate\\Container\\Container.php(1027): Illuminate\\Foundation\\Application->make('encrypter')
#10 C:\\teamcoder\\www\\trainning\\bai_5\\quan-ly-thong-tin-nguoi-dung\\vendor\\laravel\\framework\\src\\Illuminate\\Container\\Container.php(947): Illuminate\\Container\\Container->resolveClass(Object(ReflectionParameter))
#11 C:\\teamcoder\\www\\trainning\\bai_5\\quan-ly-thong-tin-nguoi-dung\\vendor\\laravel\\framework\\src\\Illuminate\\Container\\Container.php(908): Illuminate\\Container\\Container->resolveDependencies(Array)
#12 C:\\teamcoder\\www\\trainning\\bai_5\\quan-ly-thong-tin-nguoi-dung\\vendor\\laravel\\framework\\src\\Illuminate\\Container\\Container.php(758): Illuminate\\Container\\Container->build('App\\\\Http\\\\Middle...')
#13 C:\\teamcoder\\www\\trainning\\bai_5\\quan-ly-thong-tin-nguoi-dung\\vendor\\laravel\\framework\\src\\Illuminate\\Foundation\\Application.php(851): Illuminate\\Container\\Container->resolve('App\\\\Http\\\\Middle...', Array, true)
#14 C:\\teamcoder\\www\\trainning\\bai_5\\quan-ly-thong-tin-nguoi-dung\\vendor\\laravel\\framework\\src\\Illuminate\\Container\\Container.php(694): Illuminate\\Foundation\\Application->resolve('App\\\\Http\\\\Middle...', Array)
#15 C:\\teamcoder\\www\\trainning\\bai_5\\quan-ly-thong-tin-nguoi-dung\\vendor\\laravel\\framework\\src\\Illuminate\\Foundation\\Application.php(836): Illuminate\\Container\\Container->make('App\\\\Http\\\\Middle...', Array)
#16 C:\\teamcoder\\www\\trainning\\bai_5\\quan-ly-thong-tin-nguoi-dung\\vendor\\laravel\\framework\\src\\Illuminate\\Pipeline\\Pipeline.php(156): Illuminate\\Foundation\\Application->make('App\\\\Http\\\\Middle...')
#17 C:\\teamcoder\\www\\trainning\\bai_5\\quan-ly-thong-tin-nguoi-dung\\vendor\\laravel\\framework\\src\\Illuminate\\Pipeline\\Pipeline.php(103): Illuminate\\Pipeline\\Pipeline->Illuminate\\Pipeline\\{closure}(Object(Illuminate\\Http\\Request))
#18 C:\\teamcoder\\www\\trainning\\bai_5\\quan-ly-thong-tin-nguoi-dung\\vendor\\laravel\\framework\\src\\Illuminate\\Routing\\Router.php(723): Illuminate\\Pipeline\\Pipeline->then(Object(Closure))
#19 C:\\teamcoder\\www\\trainning\\bai_5\\quan-ly-thong-tin-nguoi-dung\\vendor\\laravel\\framework\\src\\Illuminate\\Routing\\Router.php(698): Illuminate\\Routing\\Router->runRouteWithinStack(Object(Illuminate\\Routing\\Route), Object(Illuminate\\Http\\Request))
#20 C:\\teamcoder\\www\\trainning\\bai_5\\quan-ly-thong-tin-nguoi-dung\\vendor\\laravel\\framework\\src\\Illuminate\\Routing\\Router.php(662): Illuminate\\Routing\\Router->runRoute(Object(Illuminate\\Http\\Request), Object(Illuminate\\Routing\\Route))
#21 C:\\teamcoder\\www\\trainning\\bai_5\\quan-ly-thong-tin-nguoi-dung\\vendor\\laravel\\framework\\src\\Illuminate\\Routing\\Router.php(651): Illuminate\\Routing\\Router->dispatchToRoute(Object(Illuminate\\Http\\Request))
#22 C:\\teamcoder\\www\\trainning\\bai_5\\quan-ly-thong-tin-nguoi-dung\\vendor\\laravel\\framework\\src\\Illuminate\\Foundation\\Http\\Kernel.php(167): Illuminate\\Routing\\Router->dispatch(Object(Illuminate\\Http\\Request))
#23 C:\\teamcoder\\www\\trainning\\bai_5\\quan-ly-thong-tin-nguoi-dung\\vendor\\laravel\\framework\\src\\Illuminate\\Pipeline\\Pipeline.php(128): Illuminate\\Foundation\\Http\\Kernel->Illuminate\\Foundation\\Http\\{closure}(Object(Illuminate\\Http\\Request))
#24 C:\\teamcoder\\www\\trainning\\bai_5\\quan-ly-thong-tin-nguoi-dung\\vendor\\laravel\\framework\\src\\Illuminate\\Foundation\\Http\\Middleware\\TransformsRequest.php(21): Illuminate\\Pipeline\\Pipeline->Illuminate\\Pipeline\\{closure}(Object(Illuminate\\Http\\Request))
#25 C:\\teamcoder\\www\\trainning\\bai_5\\quan-ly-thong-tin-nguoi-dung\\vendor\\laravel\\framework\\src\\Illuminate\\Foundation\\Http\\Middleware\\ConvertEmptyStringsToNull.php(31): Illuminate\\Foundation\\Http\\Middleware\\TransformsRequest->handle(Object(Illuminate\\Http\\Request), Object(Closure))
#26 C:\\teamcoder\\www\\trainning\\bai_5\\quan-ly-thong-tin-nguoi-dung\\vendor\\laravel\\framework\\src\\Illuminate\\Pipeline\\Pipeline.php(167): Illuminate\\Foundation\\Http\\Middleware\\ConvertEmptyStringsToNull->handle(Object(Illuminate\\Http\\Request), Object(Closure))
#27 C:\\teamcoder\\www\\trainning\\bai_5\\quan-ly-thong-tin-nguoi-dung\\vendor\\laravel\\framework\\src\\Illuminate\\Foundation\\Http\\Middleware\\TransformsRequest.php(21): Illuminate\\Pipeline\\Pipeline->Illuminate\\Pipeline\\{closure}(Object(Illuminate\\Http\\Request))
#28 C:\\teamcoder\\www\\trainning\\bai_5\\quan-ly-thong-tin-nguoi-dung\\vendor\\laravel\\framework\\src\\Illuminate\\Foundation\\Http\\Middleware\\TrimStrings.php(40): Illuminate\\Foundation\\Http\\Middleware\\TransformsRequest->handle(Object(Illuminate\\Http\\Request), Object(Closure))
#29 C:\\teamcoder\\www\\trainning\\bai_5\\quan-ly-thong-tin-nguoi-dung\\vendor\\laravel\\framework\\src\\Illuminate\\Pipeline\\Pipeline.php(167): Illuminate\\Foundation\\Http\\Middleware\\TrimStrings->handle(Object(Illuminate\\Http\\Request), Object(Closure))
#30 C:\\teamcoder\\www\\trainning\\bai_5\\quan-ly-thong-tin-nguoi-dung\\vendor\\laravel\\framework\\src\\Illuminate\\Foundation\\Http\\Middleware\\ValidatePostSize.php(27): Illuminate\\Pipeline\\Pipeline->Illuminate\\Pipeline\\{closure}(Object(Illuminate\\Http\\Request))
#31 C:\\teamcoder\\www\\trainning\\bai_5\\quan-ly-thong-tin-nguoi-dung\\vendor\\laravel\\framework\\src\\Illuminate\\Pipeline\\Pipeline.php(167): Illuminate\\Foundation\\Http\\Middleware\\ValidatePostSize->handle(Object(Illuminate\\Http\\Request), Object(Closure))
#32 C:\\teamcoder\\www\\trainning\\bai_5\\quan-ly-thong-tin-nguoi-dung\\vendor\\laravel\\framework\\src\\Illuminate\\Foundation\\Http\\Middleware\\PreventRequestsDuringMaintenance.php(86): Illuminate\\Pipeline\\Pipeline->Illuminate\\Pipeline\\{closure}(Object(Illuminate\\Http\\Request))
#33 C:\\teamcoder\\www\\trainning\\bai_5\\quan-ly-thong-tin-nguoi-dung\\vendor\\laravel\\framework\\src\\Illuminate\\Pipeline\\Pipeline.php(167): Illuminate\\Foundation\\Http\\Middleware\\PreventRequestsDuringMaintenance->handle(Object(Illuminate\\Http\\Request), Object(Closure))
#34 C:\\teamcoder\\www\\trainning\\bai_5\\quan-ly-thong-tin-nguoi-dung\\vendor\\fruitcake\\laravel-cors\\src\\HandleCors.php(38): Illuminate\\Pipeline\\Pipeline->Illuminate\\Pipeline\\{closure}(Object(Illuminate\\Http\\Request))
#35 C:\\teamcoder\\www\\trainning\\bai_5\\quan-ly-thong-tin-nguoi-dung\\vendor\\laravel\\framework\\src\\Illuminate\\Pipeline\\Pipeline.php(167): Fruitcake\\Cors\\HandleCors->handle(Object(Illuminate\\Http\\Request), Object(Closure))
#36 C:\\teamcoder\\www\\trainning\\bai_5\\quan-ly-thong-tin-nguoi-dung\\vendor\\fideloper\\proxy\\src\\TrustProxies.php(57): Illuminate\\Pipeline\\Pipeline->Illuminate\\Pipeline\\{closure}(Object(Illuminate\\Http\\Request))
#37 C:\\teamcoder\\www\\trainning\\bai_5\\quan-ly-thong-tin-nguoi-dung\\vendor\\laravel\\framework\\src\\Illuminate\\Pipeline\\Pipeline.php(167): Fideloper\\Proxy\\TrustProxies->handle(Object(Illuminate\\Http\\Request), Object(Closure))
#38 C:\\teamcoder\\www\\trainning\\bai_5\\quan-ly-thong-tin-nguoi-dung\\vendor\\laravel\\framework\\src\\Illuminate\\Pipeline\\Pipeline.php(103): Illuminate\\Pipeline\\Pipeline->Illuminate\\Pipeline\\{closure}(Object(Illuminate\\Http\\Request))
#39 C:\\teamcoder\\www\\trainning\\bai_5\\quan-ly-thong-tin-nguoi-dung\\vendor\\laravel\\framework\\src\\Illuminate\\Foundation\\Http\\Kernel.php(142): Illuminate\\Pipeline\\Pipeline->then(Object(Closure))
#40 C:\\teamcoder\\www\\trainning\\bai_5\\quan-ly-thong-tin-nguoi-dung\\vendor\\laravel\\framework\\src\\Illuminate\\Foundation\\Http\\Kernel.php(111): Illuminate\\Foundation\\Http\\Kernel->sendRequestThroughRouter(Object(Illuminate\\Http\\Request))
#41 C:\\teamcoder\\www\\trainning\\bai_5\\quan-ly-thong-tin-nguoi-dung\\public\\index.php(52): Illuminate\\Foundation\\Http\\Kernel->handle(Object(Illuminate\\Http\\Request))
#42 C:\\teamcoder\\www\\trainning\\bai_5\\quan-ly-thong-tin-nguoi-dung\\server.php(21): require_once('C:\\\\teamcoder\\\\ww...')
#43 {main}
"} 
[2022-03-07 01:52:29] local.ERROR: No application encryption key has been specified. {"exception":"[object] (Illuminate\\Encryption\\MissingAppKeyException(code: 0): No application encryption key has been specified. at C:\\teamcoder\\www\\trainning\\bai_5\\quan-ly-thong-tin-nguoi-dung\\vendor\\laravel\\framework\\src\\Illuminate\\Encryption\\EncryptionServiceProvider.php:101)
[stacktrace]
#0 C:\\teamcoder\\www\\trainning\\bai_5\\quan-ly-thong-tin-nguoi-dung\\vendor\\laravel\\framework\\src\\Illuminate\\Support\\helpers.php(263): Illuminate\\Encryption\\EncryptionServiceProvider->Illuminate\\Encryption\\{closure}('')
#1 C:\\teamcoder\\www\\trainning\\bai_5\\quan-ly-thong-tin-nguoi-dung\\vendor\\laravel\\framework\\src\\Illuminate\\Encryption\\EncryptionServiceProvider.php(103): tap('', Object(Closure))
#2 C:\\teamcoder\\www\\trainning\\bai_5\\quan-ly-thong-tin-nguoi-dung\\vendor\\laravel\\framework\\src\\Illuminate\\Encryption\\EncryptionServiceProvider.php(82): Illuminate\\Encryption\\EncryptionServiceProvider->key(Array)
#3 C:\\teamcoder\\www\\trainning\\bai_5\\quan-ly-thong-tin-nguoi-dung\\vendor\\laravel\\framework\\src\\Illuminate\\Encryption\\EncryptionServiceProvider.php(34): Illuminate\\Encryption\\EncryptionServiceProvider->parseKey(Array)
#4 C:\\teamcoder\\www\\trainning\\bai_5\\quan-ly-thong-tin-nguoi-dung\\vendor\\laravel\\framework\\src\\Illuminate\\Container\\Container.php(873): Illuminate\\Encryption\\EncryptionServiceProvider->Illuminate\\Encryption\\{closure}(Object(Illuminate\\Foundation\\Application), Array)
#5 C:\\teamcoder\\www\\trainning\\bai_5\\quan-ly-thong-tin-nguoi-dung\\vendor\\laravel\\framework\\src\\Illuminate\\Container\\Container.php(758): Illuminate\\Container\\Container->build(Object(Closure))
#6 C:\\teamcoder\\www\\trainning\\bai_5\\quan-ly-thong-tin-nguoi-dung\\vendor\\laravel\\framework\\src\\Illuminate\\Foundation\\Application.php(851): Illuminate\\Container\\Container->resolve('encrypter', Array, true)
#7 C:\\teamcoder\\www\\trainning\\bai_5\\quan-ly-thong-tin-nguoi-dung\\vendor\\laravel\\framework\\src\\Illuminate\\Container\\Container.php(694): Illuminate\\Foundation\\Application->resolve('encrypter', Array)
#8 C:\\teamcoder\\www\\trainning\\bai_5\\quan-ly-thong-tin-nguoi-dung\\vendor\\laravel\\framework\\src\\Illuminate\\Foundation\\Application.php(836): Illuminate\\Container\\Container->make('encrypter', Array)
#9 C:\\teamcoder\\www\\trainning\\bai_5\\quan-ly-thong-tin-nguoi-dung\\vendor\\laravel\\framework\\src\\Illuminate\\Container\\Container.php(1027): Illuminate\\Foundation\\Application->make('encrypter')
#10 C:\\teamcoder\\www\\trainning\\bai_5\\quan-ly-thong-tin-nguoi-dung\\vendor\\laravel\\framework\\src\\Illuminate\\Container\\Container.php(947): Illuminate\\Container\\Container->resolveClass(Object(ReflectionParameter))
#11 C:\\teamcoder\\www\\trainning\\bai_5\\quan-ly-thong-tin-nguoi-dung\\vendor\\laravel\\framework\\src\\Illuminate\\Container\\Container.php(908): Illuminate\\Container\\Container->resolveDependencies(Array)
#12 C:\\teamcoder\\www\\trainning\\bai_5\\quan-ly-thong-tin-nguoi-dung\\vendor\\laravel\\framework\\src\\Illuminate\\Container\\Container.php(758): Illuminate\\Container\\Container->build('App\\\\Http\\\\Middle...')
#13 C:\\teamcoder\\www\\trainning\\bai_5\\quan-ly-thong-tin-nguoi-dung\\vendor\\laravel\\framework\\src\\Illuminate\\Foundation\\Application.php(851): Illuminate\\Container\\Container->resolve('App\\\\Http\\\\Middle...', Array, true)
#14 C:\\teamcoder\\www\\trainning\\bai_5\\quan-ly-thong-tin-nguoi-dung\\vendor\\laravel\\framework\\src\\Illuminate\\Container\\Container.php(694): Illuminate\\Foundation\\Application->resolve('App\\\\Http\\\\Middle...', Array)
#15 C:\\teamcoder\\www\\trainning\\bai_5\\quan-ly-thong-tin-nguoi-dung\\vendor\\laravel\\framework\\src\\Illuminate\\Foundation\\Application.php(836): Illuminate\\Container\\Container->make('App\\\\Http\\\\Middle...', Array)
#16 C:\\teamcoder\\www\\trainning\\bai_5\\quan-ly-thong-tin-nguoi-dung\\vendor\\laravel\\framework\\src\\Illuminate\\Foundation\\Http\\Kernel.php(206): Illuminate\\Foundation\\Application->make('App\\\\Http\\\\Middle...')
#17 C:\\teamcoder\\www\\trainning\\bai_5\\quan-ly-thong-tin-nguoi-dung\\vendor\\laravel\\framework\\src\\Illuminate\\Foundation\\Http\\Kernel.php(180): Illuminate\\Foundation\\Http\\Kernel->terminateMiddleware(Object(Illuminate\\Http\\Request), Object(Illuminate\\Http\\Response))
#18 C:\\teamcoder\\www\\trainning\\bai_5\\quan-ly-thong-tin-nguoi-dung\\public\\index.php(55): Illuminate\\Foundation\\Http\\Kernel->terminate(Object(Illuminate\\Http\\Request), Object(Illuminate\\Http\\Response))
#19 C:\\teamcoder\\www\\trainning\\bai_5\\quan-ly-thong-tin-nguoi-dung\\server.php(21): require_once('C:\\\\teamcoder\\\\ww...')
#20 {main}
"} 
[2022-03-07 01:55:43] local.ERROR: SQLSTATE[42S01]: Base table or view already exists: 1050 Table 'pages' already exists (SQL: create table `pages` (`id` bigint unsigned not null auto_increment primary key, `pages_name` varchar(255) null, `pages_slug` varchar(255) null, `pages_content` varchar(255) null) default character set utf8mb4 collate 'utf8mb4_unicode_ci') {"exception":"[object] (Illuminate\\Database\\QueryException(code: 42S01): SQLSTATE[42S01]: Base table or view already exists: 1050 Table 'pages' already exists (SQL: create table `pages` (`id` bigint unsigned not null auto_increment primary key, `pages_name` varchar(255) null, `pages_slug` varchar(255) null, `pages_content` varchar(255) null) default character set utf8mb4 collate 'utf8mb4_unicode_ci') at C:\\teamcoder\\www\\trainning\\bai_5\\quan-ly-thong-tin-nguoi-dung\\vendor\\laravel\\framework\\src\\Illuminate\\Database\\Connection.php:712)
[stacktrace]
#0 C:\\teamcoder\\www\\trainning\\bai_5\\quan-ly-thong-tin-nguoi-dung\\vendor\\laravel\\framework\\src\\Illuminate\\Database\\Connection.php(672): Illuminate\\Database\\Connection->runQueryCallback('create table `p...', Array, Object(Closure))
#1 C:\\teamcoder\\www\\trainning\\bai_5\\quan-ly-thong-tin-nguoi-dung\\vendor\\laravel\\framework\\src\\Illuminate\\Database\\Connection.php(502): Illuminate\\Database\\Connection->run('create table `p...', Array, Object(Closure))
#2 C:\\teamcoder\\www\\trainning\\bai_5\\quan-ly-thong-tin-nguoi-dung\\vendor\\laravel\\framework\\src\\Illuminate\\Database\\Schema\\Blueprint.php(109): Illuminate\\Database\\Connection->statement('create table `p...')
#3 C:\\teamcoder\\www\\trainning\\bai_5\\quan-ly-thong-tin-nguoi-dung\\vendor\\laravel\\framework\\src\\Illuminate\\Database\\Schema\\Builder.php(364): Illuminate\\Database\\Schema\\Blueprint->build(Object(Illuminate\\Database\\MySqlConnection), Object(Illuminate\\Database\\Schema\\Grammars\\MySqlGrammar))
#4 C:\\teamcoder\\www\\trainning\\bai_5\\quan-ly-thong-tin-nguoi-dung\\vendor\\laravel\\framework\\src\\Illuminate\\Database\\Schema\\Builder.php(227): Illuminate\\Database\\Schema\\Builder->build(Object(Illuminate\\Database\\Schema\\Blueprint))
#5 C:\\teamcoder\\www\\trainning\\bai_5\\quan-ly-thong-tin-nguoi-dung\\vendor\\laravel\\framework\\src\\Illuminate\\Support\\Facades\\Facade.php(261): Illuminate\\Database\\Schema\\Builder->create('pages', Object(Closure))
#6 C:\\teamcoder\\www\\trainning\\bai_5\\quan-ly-thong-tin-nguoi-dung\\database\\migrations\\2022_03_03_012104_create_table_pages.php(21): Illuminate\\Support\\Facades\\Facade::__callStatic('create', Array)
#7 C:\\teamcoder\\www\\trainning\\bai_5\\quan-ly-thong-tin-nguoi-dung\\vendor\\laravel\\framework\\src\\Illuminate\\Database\\Migrations\\Migrator.php(472): CreateTablePages->up()
#8 C:\\teamcoder\\www\\trainning\\bai_5\\quan-ly-thong-tin-nguoi-dung\\vendor\\laravel\\framework\\src\\Illuminate\\Database\\Migrations\\Migrator.php(394): Illuminate\\Database\\Migrations\\Migrator->runMethod(Object(Illuminate\\Database\\MySqlConnection), Object(CreateTablePages), 'up')
#9 C:\\teamcoder\\www\\trainning\\bai_5\\quan-ly-thong-tin-nguoi-dung\\vendor\\laravel\\framework\\src\\Illuminate\\Database\\Migrations\\Migrator.php(403): Illuminate\\Database\\Migrations\\Migrator->Illuminate\\Database\\Migrations\\{closure}()
#10 C:\\teamcoder\\www\\trainning\\bai_5\\quan-ly-thong-tin-nguoi-dung\\vendor\\laravel\\framework\\src\\Illuminate\\Database\\Migrations\\Migrator.php(202): Illuminate\\Database\\Migrations\\Migrator->runMigration(Object(CreateTablePages), 'up')
#11 C:\\teamcoder\\www\\trainning\\bai_5\\quan-ly-thong-tin-nguoi-dung\\vendor\\laravel\\framework\\src\\Illuminate\\Database\\Migrations\\Migrator.php(167): Illuminate\\Database\\Migrations\\Migrator->runUp('C:\\\\teamcoder\\\\ww...', 1, false)
#12 C:\\teamcoder\\www\\trainning\\bai_5\\quan-ly-thong-tin-nguoi-dung\\vendor\\laravel\\framework\\src\\Illuminate\\Database\\Migrations\\Migrator.php(112): Illuminate\\Database\\Migrations\\Migrator->runPending(Array, Array)
#13 C:\\teamcoder\\www\\trainning\\bai_5\\quan-ly-thong-tin-nguoi-dung\\vendor\\laravel\\framework\\src\\Illuminate\\Database\\Console\\Migrations\\MigrateCommand.php(85): Illuminate\\Database\\Migrations\\Migrator->run(Array, Array)
#14 C:\\teamcoder\\www\\trainning\\bai_5\\quan-ly-thong-tin-nguoi-dung\\vendor\\laravel\\framework\\src\\Illuminate\\Database\\Migrations\\Migrator.php(606): Illuminate\\Database\\Console\\Migrations\\MigrateCommand->Illuminate\\Database\\Console\\Migrations\\{closure}()
#15 C:\\teamcoder\\www\\trainning\\bai_5\\quan-ly-thong-tin-nguoi-dung\\vendor\\laravel\\framework\\src\\Illuminate\\Database\\Console\\Migrations\\MigrateCommand.php(94): Illuminate\\Database\\Migrations\\Migrator->usingConnection(NULL, Object(Closure))
#16 C:\\teamcoder\\www\\trainning\\bai_5\\quan-ly-thong-tin-nguoi-dung\\vendor\\laravel\\framework\\src\\Illuminate\\Container\\BoundMethod.php(36): Illuminate\\Database\\Console\\Migrations\\MigrateCommand->handle()
#17 C:\\teamcoder\\www\\trainning\\bai_5\\quan-ly-thong-tin-nguoi-dung\\vendor\\laravel\\framework\\src\\Illuminate\\Container\\Util.php(40): Illuminate\\Container\\BoundMethod::Illuminate\\Container\\{closure}()
#18 C:\\teamcoder\\www\\trainning\\bai_5\\quan-ly-thong-tin-nguoi-dung\\vendor\\laravel\\framework\\src\\Illuminate\\Container\\BoundMethod.php(93): Illuminate\\Container\\Util::unwrapIfClosure(Object(Closure))
#19 C:\\teamcoder\\www\\trainning\\bai_5\\quan-ly-thong-tin-nguoi-dung\\vendor\\laravel\\framework\\src\\Illuminate\\Container\\BoundMethod.php(37): Illuminate\\Container\\BoundMethod::callBoundMethod(Object(Illuminate\\Foundation\\Application), Array, Object(Closure))
#20 C:\\teamcoder\\www\\trainning\\bai_5\\quan-ly-thong-tin-nguoi-dung\\vendor\\laravel\\framework\\src\\Illuminate\\Container\\Container.php(653): Illuminate\\Container\\BoundMethod::call(Object(Illuminate\\Foundation\\Application), Array, Array, NULL)
#21 C:\\teamcoder\\www\\trainning\\bai_5\\quan-ly-thong-tin-nguoi-dung\\vendor\\laravel\\framework\\src\\Illuminate\\Console\\Command.php(136): Illuminate\\Container\\Container->call(Array)
#22 C:\\teamcoder\\www\\trainning\\bai_5\\quan-ly-thong-tin-nguoi-dung\\vendor\\symfony\\console\\Command\\Command.php(298): Illuminate\\Console\\Command->execute(Object(Symfony\\Component\\Console\\Input\\ArrayInput), Object(Illuminate\\Console\\OutputStyle))
#23 C:\\teamcoder\\www\\trainning\\bai_5\\quan-ly-thong-tin-nguoi-dung\\vendor\\laravel\\framework\\src\\Illuminate\\Console\\Command.php(121): Symfony\\Component\\Console\\Command\\Command->run(Object(Symfony\\Component\\Console\\Input\\ArrayInput), Object(Illuminate\\Console\\OutputStyle))
#24 C:\\teamcoder\\www\\trainning\\bai_5\\quan-ly-thong-tin-nguoi-dung\\vendor\\laravel\\framework\\src\\Illuminate\\Console\\Concerns\\CallsCommands.php(68): Illuminate\\Console\\Command->run(Object(Symfony\\Component\\Console\\Input\\ArrayInput), Object(Illuminate\\Console\\OutputStyle))
#25 C:\\teamcoder\\www\\trainning\\bai_5\\quan-ly-thong-tin-nguoi-dung\\vendor\\laravel\\framework\\src\\Illuminate\\Console\\Concerns\\CallsCommands.php(28): Illuminate\\Console\\Command->runCommand('migrate', Array, Object(Illuminate\\Console\\OutputStyle))
#26 C:\\teamcoder\\www\\trainning\\bai_5\\quan-ly-thong-tin-nguoi-dung\\vendor\\laravel\\framework\\src\\Illuminate\\Database\\Console\\Migrations\\RefreshCommand.php(62): Illuminate\\Console\\Command->call('migrate', Array)
#27 C:\\teamcoder\\www\\trainning\\bai_5\\quan-ly-thong-tin-nguoi-dung\\vendor\\laravel\\framework\\src\\Illuminate\\Container\\BoundMethod.php(36): Illuminate\\Database\\Console\\Migrations\\RefreshCommand->handle()
#28 C:\\teamcoder\\www\\trainning\\bai_5\\quan-ly-thong-tin-nguoi-dung\\vendor\\laravel\\framework\\src\\Illuminate\\Container\\Util.php(40): Illuminate\\Container\\BoundMethod::Illuminate\\Container\\{closure}()
#29 C:\\teamcoder\\www\\trainning\\bai_5\\quan-ly-thong-tin-nguoi-dung\\vendor\\laravel\\framework\\src\\Illuminate\\Container\\BoundMethod.php(93): Illuminate\\Container\\Util::unwrapIfClosure(Object(Closure))
#30 C:\\teamcoder\\www\\trainning\\bai_5\\quan-ly-thong-tin-nguoi-dung\\vendor\\laravel\\framework\\src\\Illuminate\\Container\\BoundMethod.php(37): Illuminate\\Container\\BoundMethod::callBoundMethod(Object(Illuminate\\Foundation\\Application), Array, Object(Closure))
#31 C:\\teamcoder\\www\\trainning\\bai_5\\quan-ly-thong-tin-nguoi-dung\\vendor\\laravel\\framework\\src\\Illuminate\\Container\\Container.php(653): Illuminate\\Container\\BoundMethod::call(Object(Illuminate\\Foundation\\Application), Array, Array, NULL)
#32 C:\\teamcoder\\www\\trainning\\bai_5\\quan-ly-thong-tin-nguoi-dung\\vendor\\laravel\\framework\\src\\Illuminate\\Console\\Command.php(136): Illuminate\\Container\\Container->call(Array)
#33 C:\\teamcoder\\www\\trainning\\bai_5\\quan-ly-thong-tin-nguoi-dung\\vendor\\symfony\\console\\Command\\Command.php(298): Illuminate\\Console\\Command->execute(Object(Symfony\\Component\\Console\\Input\\ArgvInput), Object(Illuminate\\Console\\OutputStyle))
#34 C:\\teamcoder\\www\\trainning\\bai_5\\quan-ly-thong-tin-nguoi-dung\\vendor\\laravel\\framework\\src\\Illuminate\\Console\\Command.php(121): Symfony\\Component\\Console\\Command\\Command->run(Object(Symfony\\Component\\Console\\Input\\ArgvInput), Object(Illuminate\\Console\\OutputStyle))
#35 C:\\teamcoder\\www\\trainning\\bai_5\\quan-ly-thong-tin-nguoi-dung\\vendor\\symfony\\console\\Application.php(1015): Illuminate\\Console\\Command->run(Object(Symfony\\Component\\Console\\Input\\ArgvInput), Object(Symfony\\Component\\Console\\Output\\ConsoleOutput))
#36 C:\\teamcoder\\www\\trainning\\bai_5\\quan-ly-thong-tin-nguoi-dung\\vendor\\symfony\\console\\Application.php(299): Symfony\\Component\\Console\\Application->doRunCommand(Object(Illuminate\\Database\\Console\\Migrations\\RefreshCommand), Object(Symfony\\Component\\Console\\Input\\ArgvInput), Object(Symfony\\Component\\Console\\Output\\ConsoleOutput))
#37 C:\\teamcoder\\www\\trainning\\bai_5\\quan-ly-thong-tin-nguoi-dung\\vendor\\symfony\\console\\Application.php(171): Symfony\\Component\\Console\\Application->doRun(Object(Symfony\\Component\\Console\\Input\\ArgvInput), Object(Symfony\\Component\\Console\\Output\\ConsoleOutput))
#38 C:\\teamcoder\\www\\trainning\\bai_5\\quan-ly-thong-tin-nguoi-dung\\vendor\\laravel\\framework\\src\\Illuminate\\Console\\Application.php(94): Symfony\\Component\\Console\\Application->run(Object(Symfony\\Component\\Console\\Input\\ArgvInput), Object(Symfony\\Component\\Console\\Output\\ConsoleOutput))
#39 C:\\teamcoder\\www\\trainning\\bai_5\\quan-ly-thong-tin-nguoi-dung\\vendor\\laravel\\framework\\src\\Illuminate\\Foundation\\Console\\Kernel.php(129): Illuminate\\Console\\Application->run(Object(Symfony\\Component\\Console\\Input\\ArgvInput), Object(Symfony\\Component\\Console\\Output\\ConsoleOutput))
#40 C:\\teamcoder\\www\\trainning\\bai_5\\quan-ly-thong-tin-nguoi-dung\\artisan(37): Illuminate\\Foundation\\Console\\Kernel->handle(Object(Symfony\\Component\\Console\\Input\\ArgvInput), Object(Symfony\\Component\\Console\\Output\\ConsoleOutput))
#41 {main}

[previous exception] [object] (PDOException(code: 42S01): SQLSTATE[42S01]: Base table or view already exists: 1050 Table 'pages' already exists at C:\\teamcoder\\www\\trainning\\bai_5\\quan-ly-thong-tin-nguoi-dung\\vendor\\laravel\\framework\\src\\Illuminate\\Database\\Connection.php:501)
[stacktrace]
#0 C:\\teamcoder\\www\\trainning\\bai_5\\quan-ly-thong-tin-nguoi-dung\\vendor\\laravel\\framework\\src\\Illuminate\\Database\\Connection.php(501): PDOStatement->execute()
#1 C:\\teamcoder\\www\\trainning\\bai_5\\quan-ly-thong-tin-nguoi-dung\\vendor\\laravel\\framework\\src\\Illuminate\\Database\\Connection.php(705): Illuminate\\Database\\Connection->Illuminate\\Database\\{closure}('create table `p...', Array)
#2 C:\\teamcoder\\www\\trainning\\bai_5\\quan-ly-thong-tin-nguoi-dung\\vendor\\laravel\\framework\\src\\Illuminate\\Database\\Connection.php(672): Illuminate\\Database\\Connection->runQueryCallback('create table `p...', Array, Object(Closure))
#3 C:\\teamcoder\\www\\trainning\\bai_5\\quan-ly-thong-tin-nguoi-dung\\vendor\\laravel\\framework\\src\\Illuminate\\Database\\Connection.php(502): Illuminate\\Database\\Connection->run('create table `p...', Array, Object(Closure))
#4 C:\\teamcoder\\www\\trainning\\bai_5\\quan-ly-thong-tin-nguoi-dung\\vendor\\laravel\\framework\\src\\Illuminate\\Database\\Schema\\Blueprint.php(109): Illuminate\\Database\\Connection->statement('create table `p...')
#5 C:\\teamcoder\\www\\trainning\\bai_5\\quan-ly-thong-tin-nguoi-dung\\vendor\\laravel\\framework\\src\\Illuminate\\Database\\Schema\\Builder.php(364): Illuminate\\Database\\Schema\\Blueprint->build(Object(Illuminate\\Database\\MySqlConnection), Object(Illuminate\\Database\\Schema\\Grammars\\MySqlGrammar))
#6 C:\\teamcoder\\www\\trainning\\bai_5\\quan-ly-thong-tin-nguoi-dung\\vendor\\laravel\\framework\\src\\Illuminate\\Database\\Schema\\Builder.php(227): Illuminate\\Database\\Schema\\Builder->build(Object(Illuminate\\Database\\Schema\\Blueprint))
#7 C:\\teamcoder\\www\\trainning\\bai_5\\quan-ly-thong-tin-nguoi-dung\\vendor\\laravel\\framework\\src\\Illuminate\\Support\\Facades\\Facade.php(261): Illuminate\\Database\\Schema\\Builder->create('pages', Object(Closure))
#8 C:\\teamcoder\\www\\trainning\\bai_5\\quan-ly-thong-tin-nguoi-dung\\database\\migrations\\2022_03_03_012104_create_table_pages.php(21): Illuminate\\Support\\Facades\\Facade::__callStatic('create', Array)
#9 C:\\teamcoder\\www\\trainning\\bai_5\\quan-ly-thong-tin-nguoi-dung\\vendor\\laravel\\framework\\src\\Illuminate\\Database\\Migrations\\Migrator.php(472): CreateTablePages->up()
#10 C:\\teamcoder\\www\\trainning\\bai_5\\quan-ly-thong-tin-nguoi-dung\\vendor\\laravel\\framework\\src\\Illuminate\\Database\\Migrations\\Migrator.php(394): Illuminate\\Database\\Migrations\\Migrator->runMethod(Object(Illuminate\\Database\\MySqlConnection), Object(CreateTablePages), 'up')
#11 C:\\teamcoder\\www\\trainning\\bai_5\\quan-ly-thong-tin-nguoi-dung\\vendor\\laravel\\framework\\src\\Illuminate\\Database\\Migrations\\Migrator.php(403): Illuminate\\Database\\Migrations\\Migrator->Illuminate\\Database\\Migrations\\{closure}()
#12 C:\\teamcoder\\www\\trainning\\bai_5\\quan-ly-thong-tin-nguoi-dung\\vendor\\laravel\\framework\\src\\Illuminate\\Database\\Migrations\\Migrator.php(202): Illuminate\\Database\\Migrations\\Migrator->runMigration(Object(CreateTablePages), 'up')
#13 C:\\teamcoder\\www\\trainning\\bai_5\\quan-ly-thong-tin-nguoi-dung\\vendor\\laravel\\framework\\src\\Illuminate\\Database\\Migrations\\Migrator.php(167): Illuminate\\Database\\Migrations\\Migrator->runUp('C:\\\\teamcoder\\\\ww...', 1, false)
#14 C:\\teamcoder\\www\\trainning\\bai_5\\quan-ly-thong-tin-nguoi-dung\\vendor\\laravel\\framework\\src\\Illuminate\\Database\\Migrations\\Migrator.php(112): Illuminate\\Database\\Migrations\\Migrator->runPending(Array, Array)
#15 C:\\teamcoder\\www\\trainning\\bai_5\\quan-ly-thong-tin-nguoi-dung\\vendor\\laravel\\framework\\src\\Illuminate\\Database\\Console\\Migrations\\MigrateCommand.php(85): Illuminate\\Database\\Migrations\\Migrator->run(Array, Array)
#16 C:\\teamcoder\\www\\trainning\\bai_5\\quan-ly-thong-tin-nguoi-dung\\vendor\\laravel\\framework\\src\\Illuminate\\Database\\Migrations\\Migrator.php(606): Illuminate\\Database\\Console\\Migrations\\MigrateCommand->Illuminate\\Database\\Console\\Migrations\\{closure}()
#17 C:\\teamcoder\\www\\trainning\\bai_5\\quan-ly-thong-tin-nguoi-dung\\vendor\\laravel\\framework\\src\\Illuminate\\Database\\Console\\Migrations\\MigrateCommand.php(94): Illuminate\\Database\\Migrations\\Migrator->usingConnection(NULL, Object(Closure))
#18 C:\\teamcoder\\www\\trainning\\bai_5\\quan-ly-thong-tin-nguoi-dung\\vendor\\laravel\\framework\\src\\Illuminate\\Container\\BoundMethod.php(36): Illuminate\\Database\\Console\\Migrations\\MigrateCommand->handle()
#19 C:\\teamcoder\\www\\trainning\\bai_5\\quan-ly-thong-tin-nguoi-dung\\vendor\\laravel\\framework\\src\\Illuminate\\Container\\Util.php(40): Illuminate\\Container\\BoundMethod::Illuminate\\Container\\{closure}()
#20 C:\\teamcoder\\www\\trainning\\bai_5\\quan-ly-thong-tin-nguoi-dung\\vendor\\laravel\\framework\\src\\Illuminate\\Container\\BoundMethod.php(93): Illuminate\\Container\\Util::unwrapIfClosure(Object(Closure))
#21 C:\\teamcoder\\www\\trainning\\bai_5\\quan-ly-thong-tin-nguoi-dung\\vendor\\laravel\\framework\\src\\Illuminate\\Container\\BoundMethod.php(37): Illuminate\\Container\\BoundMethod::callBoundMethod(Object(Illuminate\\Foundation\\Application), Array, Object(Closure))
#22 C:\\teamcoder\\www\\trainning\\bai_5\\quan-ly-thong-tin-nguoi-dung\\vendor\\laravel\\framework\\src\\Illuminate\\Container\\Container.php(653): Illuminate\\Container\\BoundMethod::call(Object(Illuminate\\Foundation\\Application), Array, Array, NULL)
#23 C:\\teamcoder\\www\\trainning\\bai_5\\quan-ly-thong-tin-nguoi-dung\\vendor\\laravel\\framework\\src\\Illuminate\\Console\\Command.php(136): Illuminate\\Container\\Container->call(Array)
#24 C:\\teamcoder\\www\\trainning\\bai_5\\quan-ly-thong-tin-nguoi-dung\\vendor\\symfony\\console\\Command\\Command.php(298): Illuminate\\Console\\Command->execute(Object(Symfony\\Component\\Console\\Input\\ArrayInput), Object(Illuminate\\Console\\OutputStyle))
#25 C:\\teamcoder\\www\\trainning\\bai_5\\quan-ly-thong-tin-nguoi-dung\\vendor\\laravel\\framework\\src\\Illuminate\\Console\\Command.php(121): Symfony\\Component\\Console\\Command\\Command->run(Object(Symfony\\Component\\Console\\Input\\ArrayInput), Object(Illuminate\\Console\\OutputStyle))
#26 C:\\teamcoder\\www\\trainning\\bai_5\\quan-ly-thong-tin-nguoi-dung\\vendor\\laravel\\framework\\src\\Illuminate\\Console\\Concerns\\CallsCommands.php(68): Illuminate\\Console\\Command->run(Object(Symfony\\Component\\Console\\Input\\ArrayInput), Object(Illuminate\\Console\\OutputStyle))
#27 C:\\teamcoder\\www\\trainning\\bai_5\\quan-ly-thong-tin-nguoi-dung\\vendor\\laravel\\framework\\src\\Illuminate\\Console\\Concerns\\CallsCommands.php(28): Illuminate\\Console\\Command->runCommand('migrate', Array, Object(Illuminate\\Console\\OutputStyle))
#28 C:\\teamcoder\\www\\trainning\\bai_5\\quan-ly-thong-tin-nguoi-dung\\vendor\\laravel\\framework\\src\\Illuminate\\Database\\Console\\Migrations\\RefreshCommand.php(62): Illuminate\\Console\\Command->call('migrate', Array)
#29 C:\\teamcoder\\www\\trainning\\bai_5\\quan-ly-thong-tin-nguoi-dung\\vendor\\laravel\\framework\\src\\Illuminate\\Container\\BoundMethod.php(36): Illuminate\\Database\\Console\\Migrations\\RefreshCommand->handle()
#30 C:\\teamcoder\\www\\trainning\\bai_5\\quan-ly-thong-tin-nguoi-dung\\vendor\\laravel\\framework\\src\\Illuminate\\Container\\Util.php(40): Illuminate\\Container\\BoundMethod::Illuminate\\Container\\{closure}()
#31 C:\\teamcoder\\www\\trainning\\bai_5\\quan-ly-thong-tin-nguoi-dung\\vendor\\laravel\\framework\\src\\Illuminate\\Container\\BoundMethod.php(93): Illuminate\\Container\\Util::unwrapIfClosure(Object(Closure))
#32 C:\\teamcoder\\www\\trainning\\bai_5\\quan-ly-thong-tin-nguoi-dung\\vendor\\laravel\\framework\\src\\Illuminate\\Container\\BoundMethod.php(37): Illuminate\\Container\\BoundMethod::callBoundMethod(Object(Illuminate\\Foundation\\Application), Array, Object(Closure))
#33 C:\\teamcoder\\www\\trainning\\bai_5\\quan-ly-thong-tin-nguoi-dung\\vendor\\laravel\\framework\\src\\Illuminate\\Container\\Container.php(653): Illuminate\\Container\\BoundMethod::call(Object(Illuminate\\Foundation\\Application), Array, Array, NULL)
#34 C:\\teamcoder\\www\\trainning\\bai_5\\quan-ly-thong-tin-nguoi-dung\\vendor\\laravel\\framework\\src\\Illuminate\\Console\\Command.php(136): Illuminate\\Container\\Container->call(Array)
#35 C:\\teamcoder\\www\\trainning\\bai_5\\quan-ly-thong-tin-nguoi-dung\\vendor\\symfony\\console\\Command\\Command.php(298): Illuminate\\Console\\Command->execute(Object(Symfony\\Component\\Console\\Input\\ArgvInput), Object(Illuminate\\Console\\OutputStyle))
#36 C:\\teamcoder\\www\\trainning\\bai_5\\quan-ly-thong-tin-nguoi-dung\\vendor\\laravel\\framework\\src\\Illuminate\\Console\\Command.php(121): Symfony\\Component\\Console\\Command\\Command->run(Object(Symfony\\Component\\Console\\Input\\ArgvInput), Object(Illuminate\\Console\\OutputStyle))
#37 C:\\teamcoder\\www\\trainning\\bai_5\\quan-ly-thong-tin-nguoi-dung\\vendor\\symfony\\console\\Application.php(1015): Illuminate\\Console\\Command->run(Object(Symfony\\Component\\Console\\Input\\ArgvInput), Object(Symfony\\Component\\Console\\Output\\ConsoleOutput))
#38 C:\\teamcoder\\www\\trainning\\bai_5\\quan-ly-thong-tin-nguoi-dung\\vendor\\symfony\\console\\Application.php(299): Symfony\\Component\\Console\\Application->doRunCommand(Object(Illuminate\\Database\\Console\\Migrations\\RefreshCommand), Object(Symfony\\Component\\Console\\Input\\ArgvInput), Object(Symfony\\Component\\Console\\Output\\ConsoleOutput))
#39 C:\\teamcoder\\www\\trainning\\bai_5\\quan-ly-thong-tin-nguoi-dung\\vendor\\symfony\\console\\Application.php(171): Symfony\\Component\\Console\\Application->doRun(Object(Symfony\\Component\\Console\\Input\\ArgvInput), Object(Symfony\\Component\\Console\\Output\\ConsoleOutput))
#40 C:\\teamcoder\\www\\trainning\\bai_5\\quan-ly-thong-tin-nguoi-dung\\vendor\\laravel\\framework\\src\\Illuminate\\Console\\Application.php(94): Symfony\\Component\\Console\\Application->run(Object(Symfony\\Component\\Console\\Input\\ArgvInput), Object(Symfony\\Component\\Console\\Output\\ConsoleOutput))
#41 C:\\teamcoder\\www\\trainning\\bai_5\\quan-ly-thong-tin-nguoi-dung\\vendor\\laravel\\framework\\src\\Illuminate\\Foundation\\Console\\Kernel.php(129): Illuminate\\Console\\Application->run(Object(Symfony\\Component\\Console\\Input\\ArgvInput), Object(Symfony\\Component\\Console\\Output\\ConsoleOutput))
#42 C:\\teamcoder\\www\\trainning\\bai_5\\quan-ly-thong-tin-nguoi-dung\\artisan(37): Illuminate\\Foundation\\Console\\Kernel->handle(Object(Symfony\\Component\\Console\\Input\\ArgvInput), Object(Symfony\\Component\\Console\\Output\\ConsoleOutput))
#43 {main}
"} 
